<?xml version="1.0" encoding="UTF-8"?>
<testsuite name="ch02_math.intro.PrimeNumberCheckerTest" tests="1" skipped="0" failures="0" errors="0" timestamp="2023-03-18T09:15:48" hostname="DESKTOP-R4EFGIF" time="0.024">
  <properties/>
  <testcase name="testIsPrime()" classname="ch02_math.intro.PrimeNumberCheckerTest" time="0.024"/>
  <system-out><![CDATA[]]></system-out>
  <system-err><![CDATA[]]></system-err>
</testsuite>
